<?xml version="1.0" encoding="UTF-8"?>
<!-- Generated by org.testng.reporters.JUnitReportReporter -->
<testsuite hostname="Charan" failures="0" tests="1" name="GridTest.SampleclassTest" time="6.541" errors="0" timestamp="2024-03-08T17:39:51 IST" skipped="0">
  <testcase classname="GridTest.SampleclassTest" name="Grid3" time="6.541"/>
  <system-out/>
</testsuite> <!-- GridTest.SampleclassTest -->
