<?xml version="1.0" encoding="UTF-8"?>
<!-- Generated by org.testng.reporters.JUnitReportReporter -->
<testsuite hostname="Charan" failures="0" tests="1" name="GridTest.DemoclassTest" time="1.781" errors="0" timestamp="2024-03-08T17:39:51 IST" skipped="0">
  <testcase classname="GridTest.DemoclassTest" name="Grid1" time="1.781"/>
  <system-out/>
</testsuite> <!-- GridTest.DemoclassTest -->
